<?xml version="1.0" encoding="UTF-8"?>
<robot generator="Robot 6.1.1 (Python 3.10.9 on win32)" generated="20231110 12:38:35.411" rpa="false" schemaversion="4">
<suite id="s1" name="Test Add And Delete Course" source="C:\Users\Hafiz Muhammad\PycharmProjects\Eddie_RobotFramework_Course_add_and_delete\testcases\test_add_and_delete_course.robot">
<kw name="Open Chrome Browser With URL" library="GenericPage" type="SETUP">
<kw name="Open Browser" library="SeleniumLibrary">
<arg>${base_url}</arg>
<arg>${browser_name}</arg>
<arg>options=add_argument("--start-maximized"); add_experimental_option("detach", True)</arg>
<doc>Opens a new browser instance to the optional ``url``.</doc>
<msg timestamp="20231110 12:38:36.138" level="INFO">Opening browser 'Chrome' to base url 'http://app-qa.nykey.org/'.</msg>
<status status="PASS" starttime="20231110 12:38:36.137" endtime="20231110 12:38:41.577"/>
</kw>
<kw name="Sleep" library="BuiltIn">
<arg>2</arg>
<doc>Pauses the test executed for the given time.</doc>
<msg timestamp="20231110 12:38:43.588" level="INFO">Slept 2 seconds</msg>
<status status="PASS" starttime="20231110 12:38:41.581" endtime="20231110 12:38:43.588"/>
</kw>
<status status="PASS" starttime="20231110 12:38:36.136" endtime="20231110 12:38:43.589"/>
</kw>
<test id="s1-t1" name="Go to Website and Perform Login in Chrome Browser and Verify the Link" line="28">
<kw name="Enter Email Id and Password to Login" library="GenericPage">
<arg>${username}</arg>
<arg>${valid_password}</arg>
<kw name="Input Text" library="SeleniumLibrary">
<arg>${username}</arg>
<arg>dashboard@nykey.org</arg>
<doc>Types the given ``text`` into the text field identified by ``locator``.</doc>
<msg timestamp="20231110 12:38:43.618" level="INFO">Typing text 'dashboard@nykey.org' into text field '//input[@id='email']'.</msg>
<status status="PASS" starttime="20231110 12:38:43.617" endtime="20231110 12:38:43.787"/>
</kw>
<kw name="Input Password" library="SeleniumLibrary">
<arg>${valid_password}</arg>
<arg>12345678</arg>
<doc>Types the given password into the text field identified by ``locator``.</doc>
<msg timestamp="20231110 12:38:43.789" level="INFO">Typing password into text field '//input[@id='password']'.</msg>
<msg timestamp="20231110 12:38:43.835" level="INFO">Temporally setting log level to: NONE</msg>
<msg timestamp="20231110 12:38:43.912" level="INFO">Log level changed from NONE to INFO.</msg>
<status status="PASS" starttime="20231110 12:38:43.788" endtime="20231110 12:38:43.912"/>
</kw>
<kw name="Execute Javascript" library="SeleniumLibrary">
<arg>window.scrollTo(0, document.body.scrollHeight)</arg>
<doc>Executes the given JavaScript code with possible arguments.</doc>
<msg timestamp="20231110 12:38:43.917" level="INFO">Executing JavaScript:
window.scrollTo(0, document.body.scrollHeight)
Without any arguments.</msg>
<status status="PASS" starttime="20231110 12:38:43.914" endtime="20231110 12:38:43.927"/>
</kw>
<kw name="Sleep" library="BuiltIn">
<arg>2</arg>
<doc>Pauses the test executed for the given time.</doc>
<msg timestamp="20231110 12:38:45.938" level="INFO">Slept 2 seconds</msg>
<status status="PASS" starttime="20231110 12:38:43.929" endtime="20231110 12:38:45.938"/>
</kw>
<kw name="Click Element" library="SeleniumLibrary">
<arg>${login_remember_me_toggle}</arg>
<doc>Click the element identified by ``locator``.</doc>
<msg timestamp="20231110 12:38:45.941" level="INFO">Clicking element '//input[@id='flexSwitchCheckChecked']'.</msg>
<status status="PASS" starttime="20231110 12:38:45.940" endtime="20231110 12:38:46.044"/>
</kw>
<kw name="Click Element" library="SeleniumLibrary">
<arg>${click_login_btn}</arg>
<doc>Click the element identified by ``locator``.</doc>
<msg timestamp="20231110 12:38:46.047" level="INFO">Clicking element 'xpath=//button[normalize-space()='Sign in']'.</msg>
<status status="PASS" starttime="20231110 12:38:46.046" endtime="20231110 12:38:46.560"/>
</kw>
<status status="PASS" starttime="20231110 12:38:43.616" endtime="20231110 12:38:46.562"/>
</kw>
<kw name="Verify User Successfully Logged In">
<kw name="Get Location" library="SeleniumLibrary">
<var>${current_url}</var>
<doc>Returns the current browser window URL.</doc>
<msg timestamp="20231110 12:38:48.808" level="INFO">${current_url} = https://app-qa.nykey.org/home</msg>
<status status="PASS" starttime="20231110 12:38:46.566" endtime="20231110 12:38:48.809"/>
</kw>
<kw name="Should Contain" library="BuiltIn">
<arg>${current_url}</arg>
<arg>/home</arg>
<doc>Fails if ``container`` does not contain ``item`` one or more times.</doc>
<status status="PASS" starttime="20231110 12:38:48.812" endtime="20231110 12:38:48.813"/>
</kw>
<status status="PASS" starttime="20231110 12:38:46.565" endtime="20231110 12:38:48.814"/>
</kw>
<kw name="Verify Link and Success Block Element of the page">
<arg>https://app-qa.nykey.org/course_batches/create</arg>
<arg>Add Course Batch</arg>
<kw name="Go To" library="SeleniumLibrary">
<arg>${url_to_verify}</arg>
<doc>Navigates the current browser window to the provided ``url``.</doc>
<msg timestamp="20231110 12:38:48.818" level="INFO">Opening url 'https://app-qa.nykey.org/course_batches/create'</msg>
<status status="PASS" starttime="20231110 12:38:48.817" endtime="20231110 12:38:57.701"/>
</kw>
<kw name="Sleep" library="BuiltIn">
<arg>2</arg>
<doc>Pauses the test executed for the given time.</doc>
<msg timestamp="20231110 12:38:59.709" level="INFO">Slept 2 seconds</msg>
<status status="PASS" starttime="20231110 12:38:57.704" endtime="20231110 12:38:59.710"/>
</kw>
<kw name="Wait Until Page Contains" library="SeleniumLibrary">
<arg>${success_block_element_to_verify}</arg>
<doc>Waits until ``text`` appears on the current page.</doc>
<status status="PASS" starttime="20231110 12:38:59.712" endtime="20231110 12:38:59.744"/>
</kw>
<kw name="Page Should Contain" library="SeleniumLibrary">
<arg>${success_block_element_to_verify}</arg>
<doc>Verifies that current page contains ``text``.</doc>
<msg timestamp="20231110 12:38:59.766" level="INFO">Current page contains text 'Add Course Batch'.</msg>
<status status="PASS" starttime="20231110 12:38:59.745" endtime="20231110 12:38:59.766"/>
</kw>
<status status="PASS" starttime="20231110 12:38:48.816" endtime="20231110 12:38:59.768"/>
</kw>
<kw name="Sleep" library="BuiltIn">
<arg>3</arg>
<doc>Pauses the test executed for the given time.</doc>
<msg timestamp="20231110 12:39:02.782" level="INFO">Slept 3 seconds</msg>
<status status="PASS" starttime="20231110 12:38:59.769" endtime="20231110 12:39:02.782"/>
</kw>
<status status="PASS" starttime="20231110 12:38:43.590" endtime="20231110 12:39:02.785"/>
</test>
<test id="s1-t2" name="Adding A Course -&gt; add_course_batch" line="36">
<kw name="Enter Course Name" library="AddACourse">
<kw name="Wait Until Element Is Visible" library="SeleniumLibrary">
<arg>${addcoursebatchname}</arg>
<doc>Waits until the element ``locator`` is visible.</doc>
<status status="PASS" starttime="20231110 12:39:02.800" endtime="20231110 12:39:02.945"/>
</kw>
<kw name="Input Text" library="SeleniumLibrary">
<arg>${addcoursebatchname}</arg>
<arg>Test Course</arg>
<doc>Types the given ``text`` into the text field identified by ``locator``.</doc>
<msg timestamp="20231110 12:39:02.946" level="INFO">Typing text 'Test Course' into text field '//input[@name='course_batch_name']'.</msg>
<status status="PASS" starttime="20231110 12:39:02.945" endtime="20231110 12:39:03.130"/>
</kw>
<status status="PASS" starttime="20231110 12:39:02.799" endtime="20231110 12:39:03.132"/>
</kw>
<kw name="Enter Course Grades" library="AddACourse">
<kw name="Wait Until Element Is Visible" library="SeleniumLibrary">
<arg>//span[text()='Select ..']</arg>
<doc>Waits until the element ``locator`` is visible.</doc>
<status status="PASS" starttime="20231110 12:39:03.135" endtime="20231110 12:39:03.177"/>
</kw>
<kw name="Click Element" library="SeleniumLibrary">
<arg>//span[text()='Select ..']</arg>
<doc>Click the element identified by ``locator``.</doc>
<msg timestamp="20231110 12:39:03.179" level="INFO">Clicking element '//span[text()='Select ..']'.</msg>
<status status="PASS" starttime="20231110 12:39:03.178" endtime="20231110 12:39:03.300"/>
</kw>
<kw name="Input Text" library="SeleniumLibrary">
<arg>${search}</arg>
<arg>Grade 5</arg>
<doc>Types the given ``text`` into the text field identified by ``locator``.</doc>
<msg timestamp="20231110 12:39:03.319" level="INFO">Typing text 'Grade 5' into text field '//input[@type='search']'.</msg>
<status status="PASS" starttime="20231110 12:39:03.317" endtime="20231110 12:39:03.479"/>
</kw>
<kw name="Click Element" library="SeleniumLibrary">
<arg>//li[contains(.,'Grade 5')]</arg>
<doc>Click the element identified by ``locator``.</doc>
<msg timestamp="20231110 12:39:03.482" level="INFO">Clicking element '//li[contains(.,'Grade 5')]'.</msg>
<status status="PASS" starttime="20231110 12:39:03.481" endtime="20231110 12:39:03.576"/>
</kw>
<status status="PASS" starttime="20231110 12:39:03.134" endtime="20231110 12:39:03.578"/>
</kw>
<kw name="Select Course Subject" library="AddACourse">
<kw name="Wait Until Element Is Visible" library="SeleniumLibrary">
<arg>//span[text()='Select Subject']</arg>
<doc>Waits until the element ``locator`` is visible.</doc>
<status status="PASS" starttime="20231110 12:39:03.580" endtime="20231110 12:39:03.623"/>
</kw>
<kw name="Click Element" library="SeleniumLibrary">
<arg>//span[text()='Select Subject']</arg>
<doc>Click the element identified by ``locator``.</doc>
<msg timestamp="20231110 12:39:03.625" level="INFO">Clicking element '//span[text()='Select Subject']'.</msg>
<status status="PASS" starttime="20231110 12:39:03.624" endtime="20231110 12:39:03.729"/>
</kw>
<kw name="Input Text" library="SeleniumLibrary">
<arg>${search}</arg>
<arg>English</arg>
<doc>Types the given ``text`` into the text field identified by ``locator``.</doc>
<msg timestamp="20231110 12:39:03.751" level="INFO">Typing text 'English' into text field '//input[@type='search']'.</msg>
<status status="PASS" starttime="20231110 12:39:03.750" endtime="20231110 12:39:03.897"/>
</kw>
<kw name="Click Element" library="SeleniumLibrary">
<arg>(//li[contains(.,'English')])[last()]</arg>
<doc>Click the element identified by ``locator``.</doc>
<msg timestamp="20231110 12:39:03.902" level="INFO">Clicking element '(//li[contains(.,'English')])[last()]'.</msg>
<status status="PASS" starttime="20231110 12:39:03.900" endtime="20231110 12:39:03.995"/>
</kw>
<status status="PASS" starttime="20231110 12:39:03.579" endtime="20231110 12:39:03.998"/>
</kw>
<kw name="Select Course Billing Code" library="AddACourse">
<kw name="Wait Until Element Is Visible" library="SeleniumLibrary">
<arg>//span[text()='Select Billing Code']</arg>
<doc>Waits until the element ``locator`` is visible.</doc>
<status status="PASS" starttime="20231110 12:39:04.001" endtime="20231110 12:39:04.045"/>
</kw>
<kw name="Click Element" library="SeleniumLibrary">
<arg>//span[text()='Select Billing Code']</arg>
<doc>Click the element identified by ``locator``.</doc>
<msg timestamp="20231110 12:39:04.046" level="INFO">Clicking element '//span[text()='Select Billing Code']'.</msg>
<status status="PASS" starttime="20231110 12:39:04.045" endtime="20231110 12:39:04.164"/>
</kw>
<kw name="Input Text" library="SeleniumLibrary">
<arg>${search}</arg>
<arg>5 Grade</arg>
<doc>Types the given ``text`` into the text field identified by ``locator``.</doc>
<msg timestamp="20231110 12:39:04.169" level="INFO">Typing text '5 Grade' into text field '//input[@type='search']'.</msg>
<status status="PASS" starttime="20231110 12:39:04.167" endtime="20231110 12:39:04.325"/>
</kw>
<kw name="Click Element" library="SeleniumLibrary">
<arg>//li[contains(.,'5 Grade CB(Eng-3001) - Free (7 Cycle Days - USD 0)')]</arg>
<doc>Click the element identified by ``locator``.</doc>
<msg timestamp="20231110 12:39:04.329" level="INFO">Clicking element '//li[contains(.,'5 Grade CB(Eng-3001) - Free (7 Cycle Days - USD 0)')]'.</msg>
<status status="PASS" starttime="20231110 12:39:04.327" endtime="20231110 12:39:04.447"/>
</kw>
<status status="PASS" starttime="20231110 12:39:03.999" endtime="20231110 12:39:04.451"/>
</kw>
<kw name="Select Course TimeZone" library="AddACourse">
<kw name="Wait Until Element Is Visible" library="SeleniumLibrary">
<arg>//span[text()='Select Timezone']</arg>
<doc>Waits until the element ``locator`` is visible.</doc>
<status status="PASS" starttime="20231110 12:39:04.453" endtime="20231110 12:39:04.504"/>
</kw>
<kw name="Click Element" library="SeleniumLibrary">
<arg>//span[text()='Select Timezone']</arg>
<doc>Click the element identified by ``locator``.</doc>
<msg timestamp="20231110 12:39:04.505" level="INFO">Clicking element '//span[text()='Select Timezone']'.</msg>
<status status="PASS" starttime="20231110 12:39:04.504" endtime="20231110 12:39:04.712"/>
</kw>
<kw name="Input Text" library="SeleniumLibrary">
<arg>${search}</arg>
<arg>Asia</arg>
<doc>Types the given ``text`` into the text field identified by ``locator``.</doc>
<msg timestamp="20231110 12:39:04.716" level="INFO">Typing text 'Asia' into text field '//input[@type='search']'.</msg>
<status status="PASS" starttime="20231110 12:39:04.714" endtime="20231110 12:39:04.927"/>
</kw>
<kw name="Click Element" library="SeleniumLibrary">
<arg>//li[contains(.,'(Asia/Karachi - GMT +05:00) Pakistan')]</arg>
<doc>Click the element identified by ``locator``.</doc>
<msg timestamp="20231110 12:39:04.931" level="INFO">Clicking element '//li[contains(.,'(Asia/Karachi - GMT +05:00) Pakistan')]'.</msg>
<status status="PASS" starttime="20231110 12:39:04.929" endtime="20231110 12:39:05.041"/>
</kw>
<kw name="Sleep" library="BuiltIn">
<arg>3</arg>
<doc>Pauses the test executed for the given time.</doc>
<msg timestamp="20231110 12:39:08.068" level="INFO">Slept 3 seconds</msg>
<status status="PASS" starttime="20231110 12:39:05.063" endtime="20231110 12:39:08.068"/>
</kw>
<status status="PASS" starttime="20231110 12:39:04.452" endtime="20231110 12:39:08.070"/>
</kw>
<kw name="Course Start Date" library="AddACourse">
<kw name="Wait Until Element Is Visible" library="SeleniumLibrary">
<arg>${startdate}</arg>
<doc>Waits until the element ``locator`` is visible.</doc>
<status status="PASS" starttime="20231110 12:39:08.072" endtime="20231110 12:39:08.103"/>
</kw>
<kw name="Input Text" library="SeleniumLibrary">
<arg>${startdate}</arg>
<arg>10282023</arg>
<doc>Types the given ``text`` into the text field identified by ``locator``.</doc>
<msg timestamp="20231110 12:39:08.104" level="INFO">Typing text '10282023' into text field '//input[@name='start_date']'.</msg>
<status status="PASS" starttime="20231110 12:39:08.103" endtime="20231110 12:39:08.240"/>
</kw>
<status status="PASS" starttime="20231110 12:39:08.071" endtime="20231110 12:39:08.242"/>
</kw>
<kw name="Course Start Time" library="AddACourse">
<kw name="Wait Until Element Is Visible" library="SeleniumLibrary">
<arg>${starttime}</arg>
<doc>Waits until the element ``locator`` is visible.</doc>
<status status="PASS" starttime="20231110 12:39:08.243" endtime="20231110 12:39:08.282"/>
</kw>
<kw name="Input Text" library="SeleniumLibrary">
<arg>${starttime}</arg>
<arg>0300PM</arg>
<doc>Types the given ``text`` into the text field identified by ``locator``.</doc>
<msg timestamp="20231110 12:39:08.285" level="INFO">Typing text '0300PM' into text field '//input[@name='start_time']'.</msg>
<status status="PASS" starttime="20231110 12:39:08.283" endtime="20231110 12:39:08.435"/>
</kw>
<status status="PASS" starttime="20231110 12:39:08.243" endtime="20231110 12:39:08.437"/>
</kw>
<kw name="Course End Time" library="AddACourse">
<kw name="Wait Until Element Is Visible" library="SeleniumLibrary">
<arg>${endtime}</arg>
<doc>Waits until the element ``locator`` is visible.</doc>
<status status="PASS" starttime="20231110 12:39:08.439" endtime="20231110 12:39:08.478"/>
</kw>
<kw name="Input Text" library="SeleniumLibrary">
<arg>${endtime}</arg>
<arg>0400PM</arg>
<doc>Types the given ``text`` into the text field identified by ``locator``.</doc>
<msg timestamp="20231110 12:39:08.479" level="INFO">Typing text '0400PM' into text field '//input[@name='end_time']'.</msg>
<status status="PASS" starttime="20231110 12:39:08.479" endtime="20231110 12:39:08.645"/>
</kw>
<status status="PASS" starttime="20231110 12:39:08.438" endtime="20231110 12:39:08.646"/>
</kw>
<kw name="Select Tuesday Checkbox" library="AddACourse">
<kw name="Click Element" library="SeleniumLibrary">
<arg>${checkboxtuesday}</arg>
<doc>Click the element identified by ``locator``.</doc>
<msg timestamp="20231110 12:39:08.651" level="INFO">Clicking element '//input[@value='Tue']'.</msg>
<status status="PASS" starttime="20231110 12:39:08.649" endtime="20231110 12:39:08.773"/>
</kw>
<kw name="Sleep" library="BuiltIn">
<arg>2</arg>
<doc>Pauses the test executed for the given time.</doc>
<msg timestamp="20231110 12:39:10.801" level="INFO">Slept 2 seconds</msg>
<status status="PASS" starttime="20231110 12:39:08.796" endtime="20231110 12:39:10.801"/>
</kw>
<status status="PASS" starttime="20231110 12:39:08.648" endtime="20231110 12:39:10.802"/>
</kw>
<kw name="Sleep" library="BuiltIn">
<arg>2</arg>
<doc>Pauses the test executed for the given time.</doc>
<msg timestamp="20231110 12:39:12.815" level="INFO">Slept 2 seconds</msg>
<status status="PASS" starttime="20231110 12:39:10.804" endtime="20231110 12:39:12.815"/>
</kw>
<kw name="Select THursday Checkbox" library="AddACourse">
<kw name="Click Element" library="SeleniumLibrary">
<arg>${checkboxthursday}</arg>
<doc>Click the element identified by ``locator``.</doc>
<msg timestamp="20231110 12:39:12.819" level="INFO">Clicking element '//input[@value='Thu']'.</msg>
<status status="PASS" starttime="20231110 12:39:12.818" endtime="20231110 12:39:12.922"/>
</kw>
<kw name="Sleep" library="BuiltIn">
<arg>2</arg>
<doc>Pauses the test executed for the given time.</doc>
<msg timestamp="20231110 12:39:14.927" level="INFO">Slept 2 seconds</msg>
<status status="PASS" starttime="20231110 12:39:12.924" endtime="20231110 12:39:14.927"/>
</kw>
<status status="PASS" starttime="20231110 12:39:12.817" endtime="20231110 12:39:14.946"/>
</kw>
<kw name="Sleep" library="BuiltIn">
<arg>2</arg>
<doc>Pauses the test executed for the given time.</doc>
<msg timestamp="20231110 12:39:16.954" level="INFO">Slept 2 seconds</msg>
<status status="PASS" starttime="20231110 12:39:14.947" endtime="20231110 12:39:16.954"/>
</kw>
<kw name="Select Course Teacher" library="AddACourse">
<kw name="Wait Until Element Is Visible" library="SeleniumLibrary">
<arg>//span[text()='Select Teacher']</arg>
<doc>Waits until the element ``locator`` is visible.</doc>
<status status="PASS" starttime="20231110 12:39:16.957" endtime="20231110 12:39:16.989"/>
</kw>
<kw name="Click Element" library="SeleniumLibrary">
<arg>//span[text()='Select Teacher']</arg>
<doc>Click the element identified by ``locator``.</doc>
<msg timestamp="20231110 12:39:16.990" level="INFO">Clicking element '//span[text()='Select Teacher']'.</msg>
<status status="PASS" starttime="20231110 12:39:16.990" endtime="20231110 12:39:17.072"/>
</kw>
<kw name="Input Text" library="SeleniumLibrary">
<arg>${search}</arg>
<arg>Teacher ABC</arg>
<doc>Types the given ``text`` into the text field identified by ``locator``.</doc>
<msg timestamp="20231110 12:39:17.088" level="INFO">Typing text 'Teacher ABC' into text field '//input[@type='search']'.</msg>
<status status="PASS" starttime="20231110 12:39:17.086" endtime="20231110 12:39:17.238"/>
</kw>
<kw name="Click Element" library="SeleniumLibrary">
<arg>//li[contains(.,'(T11001) - Teacher ABC')]</arg>
<doc>Click the element identified by ``locator``.</doc>
<msg timestamp="20231110 12:39:17.240" level="INFO">Clicking element '//li[contains(.,'(T11001) - Teacher ABC')]'.</msg>
<status status="PASS" starttime="20231110 12:39:17.239" endtime="20231110 12:39:17.340"/>
</kw>
<kw name="Sleep" library="BuiltIn">
<arg>2</arg>
<doc>Pauses the test executed for the given time.</doc>
<msg timestamp="20231110 12:39:19.343" level="INFO">Slept 2 seconds</msg>
<status status="PASS" starttime="20231110 12:39:17.341" endtime="20231110 12:39:19.343"/>
</kw>
<status status="PASS" starttime="20231110 12:39:16.956" endtime="20231110 12:39:19.345"/>
</kw>
<kw name="Select Course Holidays" library="AddACourse">
<kw name="Wait Until Element Is Visible" library="SeleniumLibrary">
<arg>//span[text()='Select Holiday Group']</arg>
<doc>Waits until the element ``locator`` is visible.</doc>
<status status="PASS" starttime="20231110 12:39:19.346" endtime="20231110 12:39:19.381"/>
</kw>
<kw name="Click Element" library="SeleniumLibrary">
<arg>//span[text()='Select Holiday Group']</arg>
<doc>Click the element identified by ``locator``.</doc>
<msg timestamp="20231110 12:39:19.383" level="INFO">Clicking element '//span[text()='Select Holiday Group']'.</msg>
<status status="PASS" starttime="20231110 12:39:19.382" endtime="20231110 12:39:19.456"/>
</kw>
<kw name="Input Text" library="SeleniumLibrary">
<arg>${search}</arg>
<arg>Pakistan</arg>
<doc>Types the given ``text`` into the text field identified by ``locator``.</doc>
<msg timestamp="20231110 12:39:19.460" level="INFO">Typing text 'Pakistan' into text field '//input[@type='search']'.</msg>
<status status="PASS" starttime="20231110 12:39:19.459" endtime="20231110 12:39:19.594"/>
</kw>
<kw name="Click Element" library="SeleniumLibrary">
<arg>//li[contains(.,'Pakistan Holidays')]</arg>
<doc>Click the element identified by ``locator``.</doc>
<msg timestamp="20231110 12:39:19.597" level="INFO">Clicking element '//li[contains(.,'Pakistan Holidays')]'.</msg>
<status status="PASS" starttime="20231110 12:39:19.596" endtime="20231110 12:39:19.692"/>
</kw>
<kw name="Sleep" library="BuiltIn">
<arg>2</arg>
<doc>Pauses the test executed for the given time.</doc>
<msg timestamp="20231110 12:39:21.735" level="INFO">Slept 2 seconds</msg>
<status status="PASS" starttime="20231110 12:39:19.725" endtime="20231110 12:39:21.735"/>
</kw>
<status status="PASS" starttime="20231110 12:39:19.346" endtime="20231110 12:39:21.737"/>
</kw>
<kw name="Select Course Resources" library="AddACourse">
<kw name="Wait Until Element Is Visible" library="SeleniumLibrary">
<arg>//span[text()='Select Resources']</arg>
<doc>Waits until the element ``locator`` is visible.</doc>
<status status="PASS" starttime="20231110 12:39:21.738" endtime="20231110 12:39:21.774"/>
</kw>
<kw name="Click Element" library="SeleniumLibrary">
<arg>//span[text()='Select Resources']</arg>
<doc>Click the element identified by ``locator``.</doc>
<msg timestamp="20231110 12:39:21.776" level="INFO">Clicking element '//span[text()='Select Resources']'.</msg>
<status status="PASS" starttime="20231110 12:39:21.775" endtime="20231110 12:39:21.859"/>
</kw>
<kw name="Input Text" library="SeleniumLibrary">
<arg>${search}</arg>
<arg>Student Resource</arg>
<doc>Types the given ``text`` into the text field identified by ``locator``.</doc>
<msg timestamp="20231110 12:39:21.862" level="INFO">Typing text 'Student Resource' into text field '//input[@type='search']'.</msg>
<status status="PASS" starttime="20231110 12:39:21.861" endtime="20231110 12:39:22.051"/>
</kw>
<kw name="Click Element" library="SeleniumLibrary">
<arg>//li[contains(.,'Student Resource')]</arg>
<doc>Click the element identified by ``locator``.</doc>
<msg timestamp="20231110 12:39:22.054" level="INFO">Clicking element '//li[contains(.,'Student Resource')]'.</msg>
<status status="PASS" starttime="20231110 12:39:22.053" endtime="20231110 12:39:22.146"/>
</kw>
<kw name="Sleep" library="BuiltIn">
<arg>2</arg>
<doc>Pauses the test executed for the given time.</doc>
<msg timestamp="20231110 12:39:24.156" level="INFO">Slept 2 seconds</msg>
<status status="PASS" starttime="20231110 12:39:22.149" endtime="20231110 12:39:24.156"/>
</kw>
<status status="PASS" starttime="20231110 12:39:21.738" endtime="20231110 12:39:24.158"/>
</kw>
<kw name="Select Course Teacher Resources" library="AddACourse">
<kw name="Wait Until Element Is Visible" library="SeleniumLibrary">
<arg>//span[text()='Select Resources']</arg>
<doc>Waits until the element ``locator`` is visible.</doc>
<status status="PASS" starttime="20231110 12:39:24.159" endtime="20231110 12:39:24.190"/>
</kw>
<kw name="Click Element" library="SeleniumLibrary">
<arg>//span[text()='Select Resources']</arg>
<doc>Click the element identified by ``locator``.</doc>
<msg timestamp="20231110 12:39:24.191" level="INFO">Clicking element '//span[text()='Select Resources']'.</msg>
<status status="PASS" starttime="20231110 12:39:24.191" endtime="20231110 12:39:24.273"/>
</kw>
<kw name="Input Text" library="SeleniumLibrary">
<arg>${search}</arg>
<arg>Teacher Resource</arg>
<doc>Types the given ``text`` into the text field identified by ``locator``.</doc>
<msg timestamp="20231110 12:39:24.275" level="INFO">Typing text 'Teacher Resource' into text field '//input[@type='search']'.</msg>
<status status="PASS" starttime="20231110 12:39:24.274" endtime="20231110 12:39:24.461"/>
</kw>
<kw name="Click Element" library="SeleniumLibrary">
<arg>//li[contains(.,'Teacher Resource')]</arg>
<doc>Click the element identified by ``locator``.</doc>
<msg timestamp="20231110 12:39:24.463" level="INFO">Clicking element '//li[contains(.,'Teacher Resource')]'.</msg>
<status status="PASS" starttime="20231110 12:39:24.462" endtime="20231110 12:39:24.549"/>
</kw>
<kw name="Sleep" library="BuiltIn">
<arg>2</arg>
<doc>Pauses the test executed for the given time.</doc>
<msg timestamp="20231110 12:39:26.592" level="INFO">Slept 2 seconds</msg>
<status status="PASS" starttime="20231110 12:39:24.579" endtime="20231110 12:39:26.592"/>
</kw>
<status status="PASS" starttime="20231110 12:39:24.159" endtime="20231110 12:39:26.594"/>
</kw>
<kw name="Course Maximum Paid" library="AddACourse">
<kw name="Wait Until Element Is Visible" library="SeleniumLibrary">
<arg>${inputpaidmax}</arg>
<doc>Waits until the element ``locator`` is visible.</doc>
<status status="PASS" starttime="20231110 12:39:26.595" endtime="20231110 12:39:26.628"/>
</kw>
<kw name="Clear Element Text" library="SeleniumLibrary">
<arg>${inputpaidmax}</arg>
<doc>Clears the value of the text-input-element identified by ``locator``.</doc>
<status status="PASS" starttime="20231110 12:39:26.628" endtime="20231110 12:39:26.696"/>
</kw>
<kw name="Sleep" library="BuiltIn">
<arg>1</arg>
<doc>Pauses the test executed for the given time.</doc>
<msg timestamp="20231110 12:39:27.701" level="INFO">Slept 1 second</msg>
<status status="PASS" starttime="20231110 12:39:26.697" endtime="20231110 12:39:27.701"/>
</kw>
<kw name="Input Text" library="SeleniumLibrary">
<arg>${inputpaidmax}</arg>
<arg>10</arg>
<doc>Types the given ``text`` into the text field identified by ``locator``.</doc>
<msg timestamp="20231110 12:39:27.704" level="INFO">Typing text '10' into text field '//input[@name='paid_max_students']'.</msg>
<status status="PASS" starttime="20231110 12:39:27.703" endtime="20231110 12:39:27.809"/>
</kw>
<status status="PASS" starttime="20231110 12:39:26.595" endtime="20231110 12:39:27.811"/>
</kw>
<kw name="Course Invoice Date" library="AddACourse">
<kw name="Wait Until Element Is Visible" library="SeleniumLibrary">
<arg>${invoicedate}</arg>
<doc>Waits until the element ``locator`` is visible.</doc>
<status status="PASS" starttime="20231110 12:39:27.812" endtime="20231110 12:39:27.849"/>
</kw>
<kw name="Input Text" library="SeleniumLibrary">
<arg>${invoicedate}</arg>
<arg>10282023</arg>
<doc>Types the given ``text`` into the text field identified by ``locator``.</doc>
<msg timestamp="20231110 12:39:27.851" level="INFO">Typing text '10282023' into text field '//input[@name='invoice_due']'.</msg>
<status status="PASS" starttime="20231110 12:39:27.850" endtime="20231110 12:39:27.984"/>
</kw>
<kw name="Sleep" library="BuiltIn">
<arg>2</arg>
<doc>Pauses the test executed for the given time.</doc>
<msg timestamp="20231110 12:39:30.013" level="INFO">Slept 2 seconds</msg>
<status status="PASS" starttime="20231110 12:39:28.011" endtime="20231110 12:39:30.013"/>
</kw>
<status status="PASS" starttime="20231110 12:39:27.812" endtime="20231110 12:39:30.014"/>
</kw>
<kw name="Execute Javascript" library="SeleniumLibrary">
<arg>window.scrollTo(0, document.body.scrollHeight)</arg>
<doc>Executes the given JavaScript code with possible arguments.</doc>
<msg timestamp="20231110 12:39:30.017" level="INFO">Executing JavaScript:
window.scrollTo(0, document.body.scrollHeight)
Without any arguments.</msg>
<status status="PASS" starttime="20231110 12:39:30.016" endtime="20231110 12:39:30.024"/>
</kw>
<kw name="Sleep" library="BuiltIn">
<arg>3</arg>
<doc>Pauses the test executed for the given time.</doc>
<msg timestamp="20231110 12:39:33.033" level="INFO">Slept 3 seconds</msg>
<status status="PASS" starttime="20231110 12:39:30.026" endtime="20231110 12:39:33.033"/>
</kw>
<kw name="Select 1st Frame" library="AddACourse">
<kw name="Select Frame" library="SeleniumLibrary">
<arg>mce_0_ifr</arg>
<doc>Sets frame identified by ``locator`` as the current frame.</doc>
<msg timestamp="20231110 12:39:33.036" level="INFO">Selecting frame 'mce_0_ifr'.</msg>
<status status="PASS" starttime="20231110 12:39:33.036" endtime="20231110 12:39:33.071"/>
</kw>
<kw name="Input Text" library="SeleniumLibrary">
<arg>//body[@id='tinymce']</arg>
<arg>test</arg>
<doc>Types the given ``text`` into the text field identified by ``locator``.</doc>
<msg timestamp="20231110 12:39:33.073" level="INFO">Typing text 'test' into text field '//body[@id='tinymce']'.</msg>
<status status="PASS" starttime="20231110 12:39:33.073" endtime="20231110 12:39:33.239"/>
</kw>
<kw name="Sleep" library="BuiltIn">
<arg>2</arg>
<doc>Pauses the test executed for the given time.</doc>
<msg timestamp="20231110 12:39:35.268" level="INFO">Slept 2 seconds</msg>
<status status="PASS" starttime="20231110 12:39:33.263" endtime="20231110 12:39:35.268"/>
</kw>
<kw name="Unselect Frame" library="SeleniumLibrary">
<doc>Sets the main frame as the current frame.</doc>
<status status="PASS" starttime="20231110 12:39:35.269" endtime="20231110 12:39:35.273"/>
</kw>
<status status="PASS" starttime="20231110 12:39:33.035" endtime="20231110 12:39:35.273"/>
</kw>
<kw name="Sleep" library="BuiltIn">
<arg>2</arg>
<doc>Pauses the test executed for the given time.</doc>
<msg timestamp="20231110 12:39:37.283" level="INFO">Slept 2 seconds</msg>
<status status="PASS" starttime="20231110 12:39:35.274" endtime="20231110 12:39:37.283"/>
</kw>
<kw name="Select 2nd Frame" library="AddACourse">
<kw name="Select Frame" library="SeleniumLibrary">
<arg>mce_13_ifr</arg>
<doc>Sets frame identified by ``locator`` as the current frame.</doc>
<msg timestamp="20231110 12:39:37.287" level="INFO">Selecting frame 'mce_13_ifr'.</msg>
<status status="PASS" starttime="20231110 12:39:37.285" endtime="20231110 12:39:37.322"/>
</kw>
<kw name="Input Text" library="SeleniumLibrary">
<arg>//body[@id='tinymce']</arg>
<arg>test</arg>
<doc>Types the given ``text`` into the text field identified by ``locator``.</doc>
<msg timestamp="20231110 12:39:37.324" level="INFO">Typing text 'test' into text field '//body[@id='tinymce']'.</msg>
<status status="PASS" starttime="20231110 12:39:37.323" endtime="20231110 12:39:37.477"/>
</kw>
<kw name="Sleep" library="BuiltIn">
<arg>2</arg>
<doc>Pauses the test executed for the given time.</doc>
<msg timestamp="20231110 12:39:39.521" level="INFO">Slept 2 seconds</msg>
<status status="PASS" starttime="20231110 12:39:37.507" endtime="20231110 12:39:39.521"/>
</kw>
<kw name="Unselect Frame" library="SeleniumLibrary">
<doc>Sets the main frame as the current frame.</doc>
<status status="PASS" starttime="20231110 12:39:39.555" endtime="20231110 12:39:39.559"/>
</kw>
<status status="PASS" starttime="20231110 12:39:37.285" endtime="20231110 12:39:39.559"/>
</kw>
<kw name="Sleep" library="BuiltIn">
<arg>2</arg>
<doc>Pauses the test executed for the given time.</doc>
<msg timestamp="20231110 12:39:41.569" level="INFO">Slept 2 seconds</msg>
<status status="PASS" starttime="20231110 12:39:39.560" endtime="20231110 12:39:41.569"/>
</kw>
<kw name="Click Submit Button" library="AddACourse">
<kw name="Click Button" library="SeleniumLibrary">
<arg>${submitbtn}</arg>
<doc>Clicks the button identified by ``locator``.</doc>
<msg timestamp="20231110 12:39:41.572" level="INFO">Clicking button '//button[@type='submit']'.</msg>
<status status="PASS" starttime="20231110 12:39:41.571" endtime="20231110 12:39:41.673"/>
</kw>
<status status="PASS" starttime="20231110 12:39:41.571" endtime="20231110 12:39:41.707"/>
</kw>
<status status="PASS" starttime="20231110 12:39:02.797" endtime="20231110 12:39:41.708"/>
</test>
<test id="s1-t3" name="Verify Course Batch List -&gt; course_batch_list" line="65">
<kw name="Verify Link and Success Block Element of the page">
<arg>https://app-qa.nykey.org/course_batches</arg>
<arg>Course Batch List</arg>
<kw name="Go To" library="SeleniumLibrary">
<arg>${url_to_verify}</arg>
<doc>Navigates the current browser window to the provided ``url``.</doc>
<msg timestamp="20231110 12:39:41.723" level="INFO">Opening url 'https://app-qa.nykey.org/course_batches'</msg>
<status status="PASS" starttime="20231110 12:39:41.723" endtime="20231110 12:39:43.299"/>
</kw>
<kw name="Sleep" library="BuiltIn">
<arg>2</arg>
<doc>Pauses the test executed for the given time.</doc>
<msg timestamp="20231110 12:39:45.308" level="INFO">Slept 2 seconds</msg>
<status status="PASS" starttime="20231110 12:39:43.302" endtime="20231110 12:39:45.308"/>
</kw>
<kw name="Wait Until Page Contains" library="SeleniumLibrary">
<arg>${success_block_element_to_verify}</arg>
<doc>Waits until ``text`` appears on the current page.</doc>
<status status="PASS" starttime="20231110 12:39:45.309" endtime="20231110 12:39:45.328"/>
</kw>
<kw name="Page Should Contain" library="SeleniumLibrary">
<arg>${success_block_element_to_verify}</arg>
<doc>Verifies that current page contains ``text``.</doc>
<msg timestamp="20231110 12:39:45.339" level="INFO">Current page contains text 'Course Batch List'.</msg>
<status status="PASS" starttime="20231110 12:39:45.328" endtime="20231110 12:39:45.339"/>
</kw>
<status status="PASS" starttime="20231110 12:39:41.722" endtime="20231110 12:39:45.340"/>
</kw>
<kw name="Sleep" library="BuiltIn">
<arg>3</arg>
<doc>Pauses the test executed for the given time.</doc>
<msg timestamp="20231110 12:39:48.350" level="INFO">Slept 3 seconds</msg>
<status status="PASS" starttime="20231110 12:39:45.341" endtime="20231110 12:39:48.350"/>
</kw>
<status status="PASS" starttime="20231110 12:39:41.721" endtime="20231110 12:39:48.352"/>
</test>
<test id="s1-t4" name="Perform Delete on all Added courses" line="70">
<kw name="Delete All Courses" library="MyLibrary">
<status status="PASS" starttime="20231110 12:39:48.358" endtime="20231110 12:39:48.374"/>
</kw>
<status status="PASS" starttime="20231110 12:39:48.357" endtime="20231110 12:39:48.375"/>
</test>
<doc>End to End Testing Flow</doc>
<status status="PASS" starttime="20231110 12:38:35.563" endtime="20231110 12:39:48.381"/>
</suite>
<statistics>
<total>
<stat pass="4" fail="0" skip="0">All Tests</stat>
</total>
<tag>
</tag>
<suite>
<stat pass="4" fail="0" skip="0" id="s1" name="Test Add And Delete Course">Test Add And Delete Course</stat>
</suite>
</statistics>
<errors>
</errors>
</robot>
