<?xml version="1.0" encoding="UTF-8"?>
<robot generator="Robot 6.1.1 (Python 3.10.9 on win32)" generated="20231110 13:51:18.624" rpa="false" schemaversion="4">
<suite id="s1" name="Test Add And Delete Course" source="C:\Users\Hafiz Muhammad\PycharmProjects\Eddie_RobotFramework_Course_add_and_delete\testcases\test_add_and_delete_course.robot">
<kw name="Open Chrome Browser With URL" library="GenericPage" type="SETUP">
<kw name="Open Browser" library="SeleniumLibrary">
<arg>${base_url}</arg>
<arg>${browser_name}</arg>
<arg>options=add_argument("--start-maximized"); add_experimental_option("detach", True)</arg>
<doc>Opens a new browser instance to the optional ``url``.</doc>
<msg timestamp="20231110 13:51:19.331" level="INFO">Opening browser 'Chrome' to base url 'http://app-qa.nykey.org/'.</msg>
<status status="PASS" starttime="20231110 13:51:19.329" endtime="20231110 13:51:30.612"/>
</kw>
<kw name="Sleep" library="BuiltIn">
<arg>3</arg>
<doc>Pauses the test executed for the given time.</doc>
<msg timestamp="20231110 13:51:33.634" level="INFO">Slept 3 seconds</msg>
<status status="PASS" starttime="20231110 13:51:30.618" endtime="20231110 13:51:33.635"/>
</kw>
<status status="PASS" starttime="20231110 13:51:19.328" endtime="20231110 13:51:33.639"/>
</kw>
<test id="s1-t1" name="Go to Website and Perform Login in Chrome Browser and Verify the Link" line="28">
<kw name="Enter Email Id and Password to Login" library="GenericPage">
<arg>${username}</arg>
<arg>${valid_password}</arg>
<kw name="Input Text" library="SeleniumLibrary">
<arg>${username}</arg>
<arg>dashboard@nykey.org</arg>
<doc>Types the given ``text`` into the text field identified by ``locator``.</doc>
<msg timestamp="20231110 13:51:33.662" level="INFO">Typing text 'dashboard@nykey.org' into text field '//input[@id='email']'.</msg>
<status status="PASS" starttime="20231110 13:51:33.659" endtime="20231110 13:51:34.193"/>
</kw>
<kw name="Input Password" library="SeleniumLibrary">
<arg>${valid_password}</arg>
<arg>12345678</arg>
<doc>Types the given password into the text field identified by ``locator``.</doc>
<msg timestamp="20231110 13:51:34.203" level="INFO">Typing password into text field '//input[@id='password']'.</msg>
<msg timestamp="20231110 13:51:34.323" level="INFO">Temporally setting log level to: NONE</msg>
<msg timestamp="20231110 13:51:34.561" level="INFO">Log level changed from NONE to INFO.</msg>
<status status="PASS" starttime="20231110 13:51:34.196" endtime="20231110 13:51:34.561"/>
</kw>
<kw name="Execute Javascript" library="SeleniumLibrary">
<arg>window.scrollTo(0, document.body.scrollHeight)</arg>
<doc>Executes the given JavaScript code with possible arguments.</doc>
<msg timestamp="20231110 13:51:34.570" level="INFO">Executing JavaScript:
window.scrollTo(0, document.body.scrollHeight)
Without any arguments.</msg>
<status status="PASS" starttime="20231110 13:51:34.565" endtime="20231110 13:51:34.583"/>
</kw>
<kw name="Sleep" library="BuiltIn">
<arg>2</arg>
<doc>Pauses the test executed for the given time.</doc>
<msg timestamp="20231110 13:51:36.589" level="INFO">Slept 2 seconds</msg>
<status status="PASS" starttime="20231110 13:51:34.587" endtime="20231110 13:51:36.589"/>
</kw>
<kw name="Click Element" library="SeleniumLibrary">
<arg>${login_remember_me_toggle}</arg>
<doc>Click the element identified by ``locator``.</doc>
<msg timestamp="20231110 13:51:36.594" level="INFO">Clicking element '//input[@id='flexSwitchCheckChecked']'.</msg>
<status status="PASS" starttime="20231110 13:51:36.592" endtime="20231110 13:51:36.763"/>
</kw>
<kw name="Click Element" library="SeleniumLibrary">
<arg>${click_login_btn}</arg>
<doc>Click the element identified by ``locator``.</doc>
<msg timestamp="20231110 13:51:36.768" level="INFO">Clicking element 'xpath=//button[normalize-space()='Sign in']'.</msg>
<status status="PASS" starttime="20231110 13:51:36.766" endtime="20231110 13:51:40.262"/>
</kw>
<status status="PASS" starttime="20231110 13:51:33.656" endtime="20231110 13:51:40.295"/>
</kw>
<kw name="Verify User Successfully Logged In">
<kw name="Get Location" library="SeleniumLibrary">
<var>${current_url}</var>
<doc>Returns the current browser window URL.</doc>
<msg timestamp="20231110 13:51:40.324" level="INFO">${current_url} = https://app-qa.nykey.org/home</msg>
<status status="PASS" starttime="20231110 13:51:40.298" endtime="20231110 13:51:40.325"/>
</kw>
<kw name="Should Contain" library="BuiltIn">
<arg>${current_url}</arg>
<arg>/home</arg>
<doc>Fails if ``container`` does not contain ``item`` one or more times.</doc>
<status status="PASS" starttime="20231110 13:51:40.329" endtime="20231110 13:51:40.333"/>
</kw>
<status status="PASS" starttime="20231110 13:51:40.297" endtime="20231110 13:51:40.335"/>
</kw>
<kw name="Verify Link and Success Block Element of the page">
<arg>https://app-qa.nykey.org/course_batches/create</arg>
<arg>Add Course Batch</arg>
<kw name="Go To" library="SeleniumLibrary">
<arg>${url_to_verify}</arg>
<doc>Navigates the current browser window to the provided ``url``.</doc>
<msg timestamp="20231110 13:51:40.341" level="INFO">Opening url 'https://app-qa.nykey.org/course_batches/create'</msg>
<status status="PASS" starttime="20231110 13:51:40.340" endtime="20231110 13:51:52.147"/>
</kw>
<kw name="Sleep" library="BuiltIn">
<arg>2</arg>
<doc>Pauses the test executed for the given time.</doc>
<msg timestamp="20231110 13:51:54.159" level="INFO">Slept 2 seconds</msg>
<status status="PASS" starttime="20231110 13:51:52.151" endtime="20231110 13:51:54.159"/>
</kw>
<kw name="Wait Until Page Contains" library="SeleniumLibrary">
<arg>${success_block_element_to_verify}</arg>
<doc>Waits until ``text`` appears on the current page.</doc>
<status status="PASS" starttime="20231110 13:51:54.161" endtime="20231110 13:51:54.182"/>
</kw>
<kw name="Page Should Contain" library="SeleniumLibrary">
<arg>${success_block_element_to_verify}</arg>
<doc>Verifies that current page contains ``text``.</doc>
<msg timestamp="20231110 13:51:54.200" level="INFO">Current page contains text 'Add Course Batch'.</msg>
<status status="PASS" starttime="20231110 13:51:54.183" endtime="20231110 13:51:54.200"/>
</kw>
<status status="PASS" starttime="20231110 13:51:40.338" endtime="20231110 13:51:54.201"/>
</kw>
<kw name="Sleep" library="BuiltIn">
<arg>3</arg>
<doc>Pauses the test executed for the given time.</doc>
<msg timestamp="20231110 13:51:57.206" level="INFO">Slept 3 seconds</msg>
<status status="PASS" starttime="20231110 13:51:54.202" endtime="20231110 13:51:57.206"/>
</kw>
<status status="PASS" starttime="20231110 13:51:33.640" endtime="20231110 13:51:57.208"/>
</test>
<test id="s1-t2" name="Adding A Course -&gt; add_course_batch" line="36">
<kw name="Sleep" library="BuiltIn">
<arg>2</arg>
<doc>Pauses the test executed for the given time.</doc>
<msg timestamp="20231110 13:51:59.225" level="INFO">Slept 2 seconds</msg>
<status status="PASS" starttime="20231110 13:51:57.214" endtime="20231110 13:51:59.225"/>
</kw>
<kw name="Enter Course Name" library="AddACourse">
<kw name="Wait Until Element Is Visible" library="SeleniumLibrary">
<arg>${addcoursebatchname}</arg>
<doc>Waits until the element ``locator`` is visible.</doc>
<status status="PASS" starttime="20231110 13:51:59.227" endtime="20231110 13:51:59.260"/>
</kw>
<kw name="Input Text" library="SeleniumLibrary">
<arg>${addcoursebatchname}</arg>
<arg>Test Course</arg>
<doc>Types the given ``text`` into the text field identified by ``locator``.</doc>
<msg timestamp="20231110 13:51:59.261" level="INFO">Typing text 'Test Course' into text field '//input[@name='course_batch_name']'.</msg>
<status status="PASS" starttime="20231110 13:51:59.261" endtime="20231110 13:51:59.405"/>
</kw>
<status status="PASS" starttime="20231110 13:51:59.227" endtime="20231110 13:51:59.408"/>
</kw>
<kw name="Enter Course Grades" library="AddACourse">
<kw name="Wait Until Element Is Visible" library="SeleniumLibrary">
<arg>//span[text()='Select ..']</arg>
<doc>Waits until the element ``locator`` is visible.</doc>
<status status="PASS" starttime="20231110 13:51:59.410" endtime="20231110 13:51:59.454"/>
</kw>
<kw name="Click Element" library="SeleniumLibrary">
<arg>//span[text()='Select ..']</arg>
<doc>Click the element identified by ``locator``.</doc>
<msg timestamp="20231110 13:51:59.457" level="INFO">Clicking element '//span[text()='Select ..']'.</msg>
<status status="PASS" starttime="20231110 13:51:59.455" endtime="20231110 13:51:59.572"/>
</kw>
<kw name="Input Text" library="SeleniumLibrary">
<arg>${search}</arg>
<arg>Grade 5</arg>
<doc>Types the given ``text`` into the text field identified by ``locator``.</doc>
<msg timestamp="20231110 13:51:59.576" level="INFO">Typing text 'Grade 5' into text field '//input[@type='search']'.</msg>
<status status="PASS" starttime="20231110 13:51:59.575" endtime="20231110 13:51:59.724"/>
</kw>
<kw name="Click Element" library="SeleniumLibrary">
<arg>//li[contains(.,'Grade 5')]</arg>
<doc>Click the element identified by ``locator``.</doc>
<msg timestamp="20231110 13:51:59.727" level="INFO">Clicking element '//li[contains(.,'Grade 5')]'.</msg>
<status status="PASS" starttime="20231110 13:51:59.726" endtime="20231110 13:51:59.811"/>
</kw>
<status status="PASS" starttime="20231110 13:51:59.410" endtime="20231110 13:51:59.813"/>
</kw>
<kw name="Select Course Subject" library="AddACourse">
<kw name="Wait Until Element Is Visible" library="SeleniumLibrary">
<arg>//span[text()='Select Subject']</arg>
<doc>Waits until the element ``locator`` is visible.</doc>
<status status="PASS" starttime="20231110 13:51:59.815" endtime="20231110 13:51:59.853"/>
</kw>
<kw name="Click Element" library="SeleniumLibrary">
<arg>//span[text()='Select Subject']</arg>
<doc>Click the element identified by ``locator``.</doc>
<msg timestamp="20231110 13:51:59.856" level="INFO">Clicking element '//span[text()='Select Subject']'.</msg>
<status status="PASS" starttime="20231110 13:51:59.854" endtime="20231110 13:51:59.955"/>
</kw>
<kw name="Input Text" library="SeleniumLibrary">
<arg>${search}</arg>
<arg>English</arg>
<doc>Types the given ``text`` into the text field identified by ``locator``.</doc>
<msg timestamp="20231110 13:51:59.958" level="INFO">Typing text 'English' into text field '//input[@type='search']'.</msg>
<status status="PASS" starttime="20231110 13:51:59.957" endtime="20231110 13:52:00.096"/>
</kw>
<kw name="Click Element" library="SeleniumLibrary">
<arg>(//li[contains(.,'English')])[last()]</arg>
<doc>Click the element identified by ``locator``.</doc>
<msg timestamp="20231110 13:52:00.099" level="INFO">Clicking element '(//li[contains(.,'English')])[last()]'.</msg>
<status status="PASS" starttime="20231110 13:52:00.098" endtime="20231110 13:52:00.192"/>
</kw>
<status status="PASS" starttime="20231110 13:51:59.814" endtime="20231110 13:52:00.194"/>
</kw>
<kw name="Select Course Billing Code" library="AddACourse">
<kw name="Wait Until Element Is Visible" library="SeleniumLibrary">
<arg>//span[text()='Select Billing Code']</arg>
<doc>Waits until the element ``locator`` is visible.</doc>
<status status="PASS" starttime="20231110 13:52:00.197" endtime="20231110 13:52:00.242"/>
</kw>
<kw name="Click Element" library="SeleniumLibrary">
<arg>//span[text()='Select Billing Code']</arg>
<doc>Click the element identified by ``locator``.</doc>
<msg timestamp="20231110 13:52:00.244" level="INFO">Clicking element '//span[text()='Select Billing Code']'.</msg>
<status status="PASS" starttime="20231110 13:52:00.243" endtime="20231110 13:52:00.348"/>
</kw>
<kw name="Input Text" library="SeleniumLibrary">
<arg>${search}</arg>
<arg>5 Grade</arg>
<doc>Types the given ``text`` into the text field identified by ``locator``.</doc>
<msg timestamp="20231110 13:52:00.355" level="INFO">Typing text '5 Grade' into text field '//input[@type='search']'.</msg>
<status status="PASS" starttime="20231110 13:52:00.353" endtime="20231110 13:52:00.488"/>
</kw>
<kw name="Click Element" library="SeleniumLibrary">
<arg>//li[contains(.,'5 Grade CB(Eng-3001) - Free (7 Cycle Days - USD 0)')]</arg>
<doc>Click the element identified by ``locator``.</doc>
<msg timestamp="20231110 13:52:00.492" level="INFO">Clicking element '//li[contains(.,'5 Grade CB(Eng-3001) - Free (7 Cycle Days - USD 0)')]'.</msg>
<status status="PASS" starttime="20231110 13:52:00.490" endtime="20231110 13:52:00.595"/>
</kw>
<status status="PASS" starttime="20231110 13:52:00.196" endtime="20231110 13:52:00.597"/>
</kw>
<kw name="Select Course TimeZone" library="AddACourse">
<kw name="Wait Until Element Is Visible" library="SeleniumLibrary">
<arg>//span[text()='Select Timezone']</arg>
<doc>Waits until the element ``locator`` is visible.</doc>
<status status="PASS" starttime="20231110 13:52:00.600" endtime="20231110 13:52:00.644"/>
</kw>
<kw name="Click Element" library="SeleniumLibrary">
<arg>//span[text()='Select Timezone']</arg>
<doc>Click the element identified by ``locator``.</doc>
<msg timestamp="20231110 13:52:00.646" level="INFO">Clicking element '//span[text()='Select Timezone']'.</msg>
<status status="PASS" starttime="20231110 13:52:00.644" endtime="20231110 13:52:00.813"/>
</kw>
<kw name="Input Text" library="SeleniumLibrary">
<arg>${search}</arg>
<arg>Asia</arg>
<doc>Types the given ``text`` into the text field identified by ``locator``.</doc>
<msg timestamp="20231110 13:52:00.817" level="INFO">Typing text 'Asia' into text field '//input[@type='search']'.</msg>
<status status="PASS" starttime="20231110 13:52:00.815" endtime="20231110 13:52:01.026"/>
</kw>
<kw name="Click Element" library="SeleniumLibrary">
<arg>//li[contains(.,'(Asia/Karachi - GMT +05:00) Pakistan')]</arg>
<doc>Click the element identified by ``locator``.</doc>
<msg timestamp="20231110 13:52:01.030" level="INFO">Clicking element '//li[contains(.,'(Asia/Karachi - GMT +05:00) Pakistan')]'.</msg>
<status status="PASS" starttime="20231110 13:52:01.028" endtime="20231110 13:52:01.174"/>
</kw>
<kw name="Sleep" library="BuiltIn">
<arg>3</arg>
<doc>Pauses the test executed for the given time.</doc>
<msg timestamp="20231110 13:52:04.185" level="INFO">Slept 3 seconds</msg>
<status status="PASS" starttime="20231110 13:52:01.176" endtime="20231110 13:52:04.185"/>
</kw>
<status status="PASS" starttime="20231110 13:52:00.599" endtime="20231110 13:52:04.186"/>
</kw>
<kw name="Course Start Date" library="AddACourse">
<kw name="Wait Until Element Is Visible" library="SeleniumLibrary">
<arg>${startdate}</arg>
<doc>Waits until the element ``locator`` is visible.</doc>
<status status="PASS" starttime="20231110 13:52:04.188" endtime="20231110 13:52:04.216"/>
</kw>
<kw name="Input Text" library="SeleniumLibrary">
<arg>${startdate}</arg>
<arg>11282023</arg>
<doc>Types the given ``text`` into the text field identified by ``locator``.</doc>
<msg timestamp="20231110 13:52:04.217" level="INFO">Typing text '11282023' into text field '//input[@name='start_date']'.</msg>
<status status="PASS" starttime="20231110 13:52:04.216" endtime="20231110 13:52:04.343"/>
</kw>
<status status="PASS" starttime="20231110 13:52:04.187" endtime="20231110 13:52:04.345"/>
</kw>
<kw name="Course Start Time" library="AddACourse">
<kw name="Wait Until Element Is Visible" library="SeleniumLibrary">
<arg>${starttime}</arg>
<doc>Waits until the element ``locator`` is visible.</doc>
<status status="PASS" starttime="20231110 13:52:04.346" endtime="20231110 13:52:04.383"/>
</kw>
<kw name="Input Text" library="SeleniumLibrary">
<arg>${starttime}</arg>
<arg>0300PM</arg>
<doc>Types the given ``text`` into the text field identified by ``locator``.</doc>
<msg timestamp="20231110 13:52:04.386" level="INFO">Typing text '0300PM' into text field '//input[@name='start_time']'.</msg>
<status status="PASS" starttime="20231110 13:52:04.384" endtime="20231110 13:52:04.521"/>
</kw>
<status status="PASS" starttime="20231110 13:52:04.346" endtime="20231110 13:52:04.524"/>
</kw>
<kw name="Course End Time" library="AddACourse">
<kw name="Wait Until Element Is Visible" library="SeleniumLibrary">
<arg>${endtime}</arg>
<doc>Waits until the element ``locator`` is visible.</doc>
<status status="PASS" starttime="20231110 13:52:04.526" endtime="20231110 13:52:04.565"/>
</kw>
<kw name="Input Text" library="SeleniumLibrary">
<arg>${endtime}</arg>
<arg>0400PM</arg>
<doc>Types the given ``text`` into the text field identified by ``locator``.</doc>
<msg timestamp="20231110 13:52:04.567" level="INFO">Typing text '0400PM' into text field '//input[@name='end_time']'.</msg>
<status status="PASS" starttime="20231110 13:52:04.565" endtime="20231110 13:52:04.704"/>
</kw>
<status status="PASS" starttime="20231110 13:52:04.525" endtime="20231110 13:52:04.706"/>
</kw>
<kw name="Select Tuesday Checkbox" library="AddACourse">
<kw name="Click Element" library="SeleniumLibrary">
<arg>${checkboxtuesday}</arg>
<doc>Click the element identified by ``locator``.</doc>
<msg timestamp="20231110 13:52:04.709" level="INFO">Clicking element '//input[@value='Tue']'.</msg>
<status status="PASS" starttime="20231110 13:52:04.708" endtime="20231110 13:52:04.804"/>
</kw>
<kw name="Sleep" library="BuiltIn">
<arg>2</arg>
<doc>Pauses the test executed for the given time.</doc>
<msg timestamp="20231110 13:52:06.815" level="INFO">Slept 2 seconds</msg>
<status status="PASS" starttime="20231110 13:52:04.806" endtime="20231110 13:52:06.816"/>
</kw>
<status status="PASS" starttime="20231110 13:52:04.708" endtime="20231110 13:52:06.819"/>
</kw>
<kw name="Sleep" library="BuiltIn">
<arg>2</arg>
<doc>Pauses the test executed for the given time.</doc>
<msg timestamp="20231110 13:52:08.827" level="INFO">Slept 2 seconds</msg>
<status status="PASS" starttime="20231110 13:52:06.820" endtime="20231110 13:52:08.827"/>
</kw>
<kw name="Select THursday Checkbox" library="AddACourse">
<kw name="Click Element" library="SeleniumLibrary">
<arg>${checkboxthursday}</arg>
<doc>Click the element identified by ``locator``.</doc>
<msg timestamp="20231110 13:52:08.831" level="INFO">Clicking element '//input[@value='Thu']'.</msg>
<status status="PASS" starttime="20231110 13:52:08.830" endtime="20231110 13:52:08.930"/>
</kw>
<kw name="Sleep" library="BuiltIn">
<arg>2</arg>
<doc>Pauses the test executed for the given time.</doc>
<msg timestamp="20231110 13:52:10.941" level="INFO">Slept 2 seconds</msg>
<status status="PASS" starttime="20231110 13:52:08.936" endtime="20231110 13:52:10.941"/>
</kw>
<status status="PASS" starttime="20231110 13:52:08.829" endtime="20231110 13:52:10.943"/>
</kw>
<kw name="Sleep" library="BuiltIn">
<arg>2</arg>
<doc>Pauses the test executed for the given time.</doc>
<msg timestamp="20231110 13:52:12.951" level="INFO">Slept 2 seconds</msg>
<status status="PASS" starttime="20231110 13:52:10.944" endtime="20231110 13:52:12.951"/>
</kw>
<kw name="Select Course Teacher" library="AddACourse">
<kw name="Wait Until Element Is Visible" library="SeleniumLibrary">
<arg>//span[text()='Select Teacher']</arg>
<doc>Waits until the element ``locator`` is visible.</doc>
<status status="PASS" starttime="20231110 13:52:12.954" endtime="20231110 13:52:12.992"/>
</kw>
<kw name="Click Element" library="SeleniumLibrary">
<arg>//span[text()='Select Teacher']</arg>
<doc>Click the element identified by ``locator``.</doc>
<msg timestamp="20231110 13:52:12.993" level="INFO">Clicking element '//span[text()='Select Teacher']'.</msg>
<status status="PASS" starttime="20231110 13:52:12.992" endtime="20231110 13:52:13.077"/>
</kw>
<kw name="Input Text" library="SeleniumLibrary">
<arg>${search}</arg>
<arg>Teacher ABC</arg>
<doc>Types the given ``text`` into the text field identified by ``locator``.</doc>
<msg timestamp="20231110 13:52:13.080" level="INFO">Typing text 'Teacher ABC' into text field '//input[@type='search']'.</msg>
<status status="PASS" starttime="20231110 13:52:13.079" endtime="20231110 13:52:13.221"/>
</kw>
<kw name="Click Element" library="SeleniumLibrary">
<arg>//li[contains(.,'(T11001) - Teacher ABC')]</arg>
<doc>Click the element identified by ``locator``.</doc>
<msg timestamp="20231110 13:52:13.223" level="INFO">Clicking element '//li[contains(.,'(T11001) - Teacher ABC')]'.</msg>
<status status="PASS" starttime="20231110 13:52:13.223" endtime="20231110 13:52:13.306"/>
</kw>
<kw name="Sleep" library="BuiltIn">
<arg>2</arg>
<doc>Pauses the test executed for the given time.</doc>
<msg timestamp="20231110 13:52:15.318" level="INFO">Slept 2 seconds</msg>
<status status="PASS" starttime="20231110 13:52:13.308" endtime="20231110 13:52:15.318"/>
</kw>
<status status="PASS" starttime="20231110 13:52:12.953" endtime="20231110 13:52:15.320"/>
</kw>
<kw name="Select Course Holidays" library="AddACourse">
<kw name="Wait Until Element Is Visible" library="SeleniumLibrary">
<arg>//span[text()='Select Holiday Group']</arg>
<doc>Waits until the element ``locator`` is visible.</doc>
<status status="PASS" starttime="20231110 13:52:15.322" endtime="20231110 13:52:15.358"/>
</kw>
<kw name="Click Element" library="SeleniumLibrary">
<arg>//span[text()='Select Holiday Group']</arg>
<doc>Click the element identified by ``locator``.</doc>
<msg timestamp="20231110 13:52:15.359" level="INFO">Clicking element '//span[text()='Select Holiday Group']'.</msg>
<status status="PASS" starttime="20231110 13:52:15.358" endtime="20231110 13:52:15.459"/>
</kw>
<kw name="Input Text" library="SeleniumLibrary">
<arg>${search}</arg>
<arg>Pakistan</arg>
<doc>Types the given ``text`` into the text field identified by ``locator``.</doc>
<msg timestamp="20231110 13:52:15.462" level="INFO">Typing text 'Pakistan' into text field '//input[@type='search']'.</msg>
<status status="PASS" starttime="20231110 13:52:15.461" endtime="20231110 13:52:15.658"/>
</kw>
<kw name="Click Element" library="SeleniumLibrary">
<arg>//li[contains(.,'Pakistan Holidays')]</arg>
<doc>Click the element identified by ``locator``.</doc>
<msg timestamp="20231110 13:52:15.661" level="INFO">Clicking element '//li[contains(.,'Pakistan Holidays')]'.</msg>
<status status="PASS" starttime="20231110 13:52:15.660" endtime="20231110 13:52:15.764"/>
</kw>
<kw name="Sleep" library="BuiltIn">
<arg>4</arg>
<doc>Pauses the test executed for the given time.</doc>
<msg timestamp="20231110 13:52:19.773" level="INFO">Slept 4 seconds</msg>
<status status="PASS" starttime="20231110 13:52:15.766" endtime="20231110 13:52:19.773"/>
</kw>
<status status="PASS" starttime="20231110 13:52:15.321" endtime="20231110 13:52:19.774"/>
</kw>
<kw name="Select Course Resources" library="AddACourse">
<kw name="Wait Until Element Is Visible" library="SeleniumLibrary">
<arg>//span[text()='Select Resources']</arg>
<doc>Waits until the element ``locator`` is visible.</doc>
<status status="PASS" starttime="20231110 13:52:19.777" endtime="20231110 13:52:19.813"/>
</kw>
<kw name="Sleep" library="BuiltIn">
<arg>2</arg>
<doc>Pauses the test executed for the given time.</doc>
<msg timestamp="20231110 13:52:21.822" level="INFO">Slept 2 seconds</msg>
<status status="PASS" starttime="20231110 13:52:19.813" endtime="20231110 13:52:21.822"/>
</kw>
<kw name="Click Element" library="SeleniumLibrary">
<arg>//span[text()='Select Resources']</arg>
<doc>Click the element identified by ``locator``.</doc>
<msg timestamp="20231110 13:52:21.825" level="INFO">Clicking element '//span[text()='Select Resources']'.</msg>
<status status="PASS" starttime="20231110 13:52:21.824" endtime="20231110 13:52:21.893"/>
</kw>
<kw name="Input Text" library="SeleniumLibrary">
<arg>${search}</arg>
<arg>Student Resource</arg>
<doc>Types the given ``text`` into the text field identified by ``locator``.</doc>
<msg timestamp="20231110 13:52:21.895" level="INFO">Typing text 'Student Resource' into text field '//input[@type='search']'.</msg>
<status status="PASS" starttime="20231110 13:52:21.894" endtime="20231110 13:52:22.041"/>
</kw>
<kw name="Click Element" library="SeleniumLibrary">
<arg>//li[contains(.,'Student Resource')]</arg>
<doc>Click the element identified by ``locator``.</doc>
<msg timestamp="20231110 13:52:22.043" level="INFO">Clicking element '//li[contains(.,'Student Resource')]'.</msg>
<status status="PASS" starttime="20231110 13:52:22.043" endtime="20231110 13:52:22.111"/>
</kw>
<kw name="Sleep" library="BuiltIn">
<arg>3</arg>
<doc>Pauses the test executed for the given time.</doc>
<msg timestamp="20231110 13:52:25.114" level="INFO">Slept 3 seconds</msg>
<status status="PASS" starttime="20231110 13:52:22.113" endtime="20231110 13:52:25.114"/>
</kw>
<status status="PASS" starttime="20231110 13:52:19.776" endtime="20231110 13:52:25.116"/>
</kw>
<kw name="Select Course Teacher Resources" library="AddACourse">
<kw name="Wait Until Element Is Visible" library="SeleniumLibrary">
<arg>//span[text()='Select Resources']</arg>
<doc>Waits until the element ``locator`` is visible.</doc>
<status status="PASS" starttime="20231110 13:52:25.117" endtime="20231110 13:52:25.138"/>
</kw>
<kw name="Click Element" library="SeleniumLibrary">
<arg>//span[text()='Select Resources']</arg>
<doc>Click the element identified by ``locator``.</doc>
<msg timestamp="20231110 13:52:25.139" level="INFO">Clicking element '//span[text()='Select Resources']'.</msg>
<status status="PASS" starttime="20231110 13:52:25.139" endtime="20231110 13:52:25.198"/>
</kw>
<kw name="Input Text" library="SeleniumLibrary">
<arg>${search}</arg>
<arg>Teacher Resource</arg>
<doc>Types the given ``text`` into the text field identified by ``locator``.</doc>
<msg timestamp="20231110 13:52:25.202" level="INFO">Typing text 'Teacher Resource' into text field '//input[@type='search']'.</msg>
<status status="PASS" starttime="20231110 13:52:25.200" endtime="20231110 13:52:25.349"/>
</kw>
<kw name="Click Element" library="SeleniumLibrary">
<arg>//li[contains(.,'Teacher Resource')]</arg>
<doc>Click the element identified by ``locator``.</doc>
<msg timestamp="20231110 13:52:25.372" level="INFO">Clicking element '//li[contains(.,'Teacher Resource')]'.</msg>
<status status="PASS" starttime="20231110 13:52:25.371" endtime="20231110 13:52:25.439"/>
</kw>
<kw name="Sleep" library="BuiltIn">
<arg>2</arg>
<doc>Pauses the test executed for the given time.</doc>
<msg timestamp="20231110 13:52:27.457" level="INFO">Slept 2 seconds</msg>
<status status="PASS" starttime="20231110 13:52:25.440" endtime="20231110 13:52:27.457"/>
</kw>
<status status="PASS" starttime="20231110 13:52:25.117" endtime="20231110 13:52:27.466"/>
</kw>
<kw name="Course Maximum Paid" library="AddACourse">
<kw name="Wait Until Element Is Visible" library="SeleniumLibrary">
<arg>${inputpaidmax}</arg>
<doc>Waits until the element ``locator`` is visible.</doc>
<status status="PASS" starttime="20231110 13:52:27.467" endtime="20231110 13:52:27.494"/>
</kw>
<kw name="Clear Element Text" library="SeleniumLibrary">
<arg>${inputpaidmax}</arg>
<doc>Clears the value of the text-input-element identified by ``locator``.</doc>
<status status="PASS" starttime="20231110 13:52:27.495" endtime="20231110 13:52:27.546"/>
</kw>
<kw name="Sleep" library="BuiltIn">
<arg>1</arg>
<doc>Pauses the test executed for the given time.</doc>
<msg timestamp="20231110 13:52:28.558" level="INFO">Slept 1 second</msg>
<status status="PASS" starttime="20231110 13:52:27.547" endtime="20231110 13:52:28.558"/>
</kw>
<kw name="Input Text" library="SeleniumLibrary">
<arg>${inputpaidmax}</arg>
<arg>10</arg>
<doc>Types the given ``text`` into the text field identified by ``locator``.</doc>
<msg timestamp="20231110 13:52:28.561" level="INFO">Typing text '10' into text field '//input[@name='paid_max_students']'.</msg>
<status status="PASS" starttime="20231110 13:52:28.559" endtime="20231110 13:52:28.660"/>
</kw>
<status status="PASS" starttime="20231110 13:52:27.467" endtime="20231110 13:52:28.661"/>
</kw>
<kw name="Course Invoice Date" library="AddACourse">
<kw name="Wait Until Element Is Visible" library="SeleniumLibrary">
<arg>${invoicedate}</arg>
<doc>Waits until the element ``locator`` is visible.</doc>
<status status="PASS" starttime="20231110 13:52:28.662" endtime="20231110 13:52:28.695"/>
</kw>
<kw name="Input Text" library="SeleniumLibrary">
<arg>${invoicedate}</arg>
<arg>11282023</arg>
<doc>Types the given ``text`` into the text field identified by ``locator``.</doc>
<msg timestamp="20231110 13:52:28.696" level="INFO">Typing text '11282023' into text field '//input[@name='invoice_due']'.</msg>
<status status="PASS" starttime="20231110 13:52:28.696" endtime="20231110 13:52:28.824"/>
</kw>
<kw name="Sleep" library="BuiltIn">
<arg>2</arg>
<doc>Pauses the test executed for the given time.</doc>
<msg timestamp="20231110 13:52:30.833" level="INFO">Slept 2 seconds</msg>
<status status="PASS" starttime="20231110 13:52:28.826" endtime="20231110 13:52:30.833"/>
</kw>
<status status="PASS" starttime="20231110 13:52:28.662" endtime="20231110 13:52:30.856"/>
</kw>
<kw name="Execute Javascript" library="SeleniumLibrary">
<arg>window.scrollTo(0, document.body.scrollHeight)</arg>
<doc>Executes the given JavaScript code with possible arguments.</doc>
<msg timestamp="20231110 13:52:30.858" level="INFO">Executing JavaScript:
window.scrollTo(0, document.body.scrollHeight)
Without any arguments.</msg>
<status status="PASS" starttime="20231110 13:52:30.857" endtime="20231110 13:52:30.867"/>
</kw>
<kw name="Sleep" library="BuiltIn">
<arg>2</arg>
<doc>Pauses the test executed for the given time.</doc>
<msg timestamp="20231110 13:52:32.874" level="INFO">Slept 2 seconds</msg>
<status status="PASS" starttime="20231110 13:52:30.869" endtime="20231110 13:52:32.874"/>
</kw>
<kw name="Select 1st Frame" library="AddACourse">
<kw name="Select Frame" library="SeleniumLibrary">
<arg>mce_0_ifr</arg>
<doc>Sets frame identified by ``locator`` as the current frame.</doc>
<msg timestamp="20231110 13:52:32.877" level="INFO">Selecting frame 'mce_0_ifr'.</msg>
<status status="PASS" starttime="20231110 13:52:32.876" endtime="20231110 13:52:32.914"/>
</kw>
<kw name="Input Text" library="SeleniumLibrary">
<arg>//body[@id='tinymce']</arg>
<arg>test</arg>
<doc>Types the given ``text`` into the text field identified by ``locator``.</doc>
<msg timestamp="20231110 13:52:32.918" level="INFO">Typing text 'test' into text field '//body[@id='tinymce']'.</msg>
<status status="PASS" starttime="20231110 13:52:32.917" endtime="20231110 13:52:33.065"/>
</kw>
<kw name="Sleep" library="BuiltIn">
<arg>2</arg>
<doc>Pauses the test executed for the given time.</doc>
<msg timestamp="20231110 13:52:35.071" level="INFO">Slept 2 seconds</msg>
<status status="PASS" starttime="20231110 13:52:33.068" endtime="20231110 13:52:35.071"/>
</kw>
<kw name="Unselect Frame" library="SeleniumLibrary">
<doc>Sets the main frame as the current frame.</doc>
<status status="PASS" starttime="20231110 13:52:35.072" endtime="20231110 13:52:35.076"/>
</kw>
<status status="PASS" starttime="20231110 13:52:32.876" endtime="20231110 13:52:35.076"/>
</kw>
<kw name="Sleep" library="BuiltIn">
<arg>2</arg>
<doc>Pauses the test executed for the given time.</doc>
<msg timestamp="20231110 13:52:37.079" level="INFO">Slept 2 seconds</msg>
<status status="PASS" starttime="20231110 13:52:35.077" endtime="20231110 13:52:37.079"/>
</kw>
<kw name="Select 2nd Frame" library="AddACourse">
<kw name="Select Frame" library="SeleniumLibrary">
<arg>mce_13_ifr</arg>
<doc>Sets frame identified by ``locator`` as the current frame.</doc>
<msg timestamp="20231110 13:52:37.083" level="INFO">Selecting frame 'mce_13_ifr'.</msg>
<status status="PASS" starttime="20231110 13:52:37.081" endtime="20231110 13:52:37.118"/>
</kw>
<kw name="Input Text" library="SeleniumLibrary">
<arg>//body[@id='tinymce']</arg>
<arg>test</arg>
<doc>Types the given ``text`` into the text field identified by ``locator``.</doc>
<msg timestamp="20231110 13:52:37.120" level="INFO">Typing text 'test' into text field '//body[@id='tinymce']'.</msg>
<status status="PASS" starttime="20231110 13:52:37.119" endtime="20231110 13:52:37.256"/>
</kw>
<kw name="Sleep" library="BuiltIn">
<arg>2</arg>
<doc>Pauses the test executed for the given time.</doc>
<msg timestamp="20231110 13:52:39.279" level="INFO">Slept 2 seconds</msg>
<status status="PASS" starttime="20231110 13:52:37.274" endtime="20231110 13:52:39.279"/>
</kw>
<kw name="Unselect Frame" library="SeleniumLibrary">
<doc>Sets the main frame as the current frame.</doc>
<status status="PASS" starttime="20231110 13:52:39.281" endtime="20231110 13:52:39.284"/>
</kw>
<status status="PASS" starttime="20231110 13:52:37.081" endtime="20231110 13:52:39.285"/>
</kw>
<kw name="Sleep" library="BuiltIn">
<arg>2</arg>
<doc>Pauses the test executed for the given time.</doc>
<msg timestamp="20231110 13:52:41.288" level="INFO">Slept 2 seconds</msg>
<status status="PASS" starttime="20231110 13:52:39.286" endtime="20231110 13:52:41.288"/>
</kw>
<kw name="Click Submit Button" library="AddACourse">
<kw name="Click Button" library="SeleniumLibrary">
<arg>${submitbtn}</arg>
<doc>Clicks the button identified by ``locator``.</doc>
<msg timestamp="20231110 13:52:41.291" level="INFO">Clicking button '//button[@type='submit']'.</msg>
<status status="PASS" starttime="20231110 13:52:41.291" endtime="20231110 13:52:49.498"/>
</kw>
<status status="PASS" starttime="20231110 13:52:41.290" endtime="20231110 13:52:49.501"/>
</kw>
<kw name="Sleep" library="BuiltIn">
<arg>4</arg>
<doc>Pauses the test executed for the given time.</doc>
<msg timestamp="20231110 13:52:53.515" level="INFO">Slept 4 seconds</msg>
<status status="PASS" starttime="20231110 13:52:49.502" endtime="20231110 13:52:53.515"/>
</kw>
<kw name="Page Should Contain" library="SeleniumLibrary">
<arg>Success</arg>
<doc>Verifies that current page contains ``text``.</doc>
<msg timestamp="20231110 13:52:53.537" level="INFO">Current page contains text 'Success'.</msg>
<status status="PASS" starttime="20231110 13:52:53.517" endtime="20231110 13:52:53.537"/>
</kw>
<status status="PASS" starttime="20231110 13:51:57.213" endtime="20231110 13:52:53.539"/>
</test>
<test id="s1-t3" name="Verify Course Batch List -&gt; course_batch_list" line="68">
<kw name="Sleep" library="BuiltIn">
<arg>3</arg>
<doc>Pauses the test executed for the given time.</doc>
<msg timestamp="20231110 13:52:56.553" level="INFO">Slept 3 seconds</msg>
<status status="PASS" starttime="20231110 13:52:53.546" endtime="20231110 13:52:56.553"/>
</kw>
<kw name="Verify Link and Success Block Element of the page">
<arg>https://app-qa.nykey.org/course_batches</arg>
<arg>Course Batch List</arg>
<kw name="Go To" library="SeleniumLibrary">
<arg>${url_to_verify}</arg>
<doc>Navigates the current browser window to the provided ``url``.</doc>
<msg timestamp="20231110 13:52:56.556" level="INFO">Opening url 'https://app-qa.nykey.org/course_batches'</msg>
<status status="PASS" starttime="20231110 13:52:56.555" endtime="20231110 13:52:57.350"/>
</kw>
<kw name="Sleep" library="BuiltIn">
<arg>2</arg>
<doc>Pauses the test executed for the given time.</doc>
<msg timestamp="20231110 13:52:59.356" level="INFO">Slept 2 seconds</msg>
<status status="PASS" starttime="20231110 13:52:57.352" endtime="20231110 13:52:59.356"/>
</kw>
<kw name="Wait Until Page Contains" library="SeleniumLibrary">
<arg>${success_block_element_to_verify}</arg>
<doc>Waits until ``text`` appears on the current page.</doc>
<status status="PASS" starttime="20231110 13:52:59.357" endtime="20231110 13:52:59.376"/>
</kw>
<kw name="Page Should Contain" library="SeleniumLibrary">
<arg>${success_block_element_to_verify}</arg>
<doc>Verifies that current page contains ``text``.</doc>
<msg timestamp="20231110 13:52:59.390" level="INFO">Current page contains text 'Course Batch List'.</msg>
<status status="PASS" starttime="20231110 13:52:59.377" endtime="20231110 13:52:59.390"/>
</kw>
<status status="PASS" starttime="20231110 13:52:56.555" endtime="20231110 13:52:59.391"/>
</kw>
<kw name="Sleep" library="BuiltIn">
<arg>3</arg>
<doc>Pauses the test executed for the given time.</doc>
<msg timestamp="20231110 13:53:02.404" level="INFO">Slept 3 seconds</msg>
<status status="PASS" starttime="20231110 13:52:59.392" endtime="20231110 13:53:02.404"/>
</kw>
<status status="PASS" starttime="20231110 13:52:53.545" endtime="20231110 13:53:02.406"/>
</test>
<test id="s1-t4" name="Perform Delete on all Added courses" line="74">
<kw name="Sleep" library="BuiltIn">
<arg>3</arg>
<doc>Pauses the test executed for the given time.</doc>
<msg timestamp="20231110 13:53:05.418" level="INFO">Slept 3 seconds</msg>
<status status="PASS" starttime="20231110 13:53:02.413" endtime="20231110 13:53:05.418"/>
</kw>
<kw name="Delete All Courses" library="MyLibrary">
<msg timestamp="20231110 13:53:05.457" level="INFO">Simulating Mouse Over on element 'xpath=(//tr[@role='row'])[2]'.</msg>
<msg timestamp="20231110 13:53:05.749" level="INFO">Clicking element 'xpath=//a[@title='Delete']'.</msg>
<msg timestamp="20231110 13:53:07.859" level="INFO">HANDLE::&lt;class 'NoneType'&gt;::None</msg>
<status status="PASS" starttime="20231110 13:53:05.420" endtime="20231110 13:53:09.902"/>
</kw>
<status status="PASS" starttime="20231110 13:53:02.412" endtime="20231110 13:53:09.993"/>
</test>
<doc>End to End Testing Flow</doc>
<status status="PASS" starttime="20231110 13:51:18.757" endtime="20231110 13:53:10.087"/>
</suite>
<statistics>
<total>
<stat pass="4" fail="0" skip="0">All Tests</stat>
</total>
<tag>
</tag>
<suite>
<stat pass="4" fail="0" skip="0" id="s1" name="Test Add And Delete Course">Test Add And Delete Course</stat>
</suite>
</statistics>
<errors>
</errors>
</robot>
